2023-02-25 19:10:37,504  INFO [main] Employeeapi:16 - ***********************Started TC002_Get_Single_Employee_Record***********************
2023-02-25 19:10:37,523 DEBUG [main] BasicClientConnectionManager:161 - Get connection for route {s}->https://reqres.in:443
2023-02-25 19:10:37,529 DEBUG [main] DefaultClientConnectionOperator:177 - Connecting to reqres.in:443
2023-02-25 19:10:37,608 DEBUG [main] RequestAddCookies:123 - CookieSpec selected: ignoreCookies
2023-02-25 19:10:37,608 DEBUG [main] RequestAuthCache:77 - Auth cache not set in the context
2023-02-25 19:10:37,608 DEBUG [main] RequestTargetAuthentication:80 - Target auth state: UNCHALLENGED
2023-02-25 19:10:37,608 DEBUG [main] RequestProxyAuthentication:89 - Proxy auth state: UNCHALLENGED
2023-02-25 19:10:37,608 DEBUG [main] DefaultHttpClient:677 - Attempt 1 to execute request
2023-02-25 19:10:37,611 DEBUG [main] DefaultClientConnection:274 - Sending request: GET /api/users/7 HTTP/1.1
2023-02-25 19:10:37,611 DEBUG [main] wire:73 -  >> "GET /api/users/7 HTTP/1.1[\r][\n]"
2023-02-25 19:10:37,611 DEBUG [main] wire:73 -  >> "Accept: */*[\r][\n]"
2023-02-25 19:10:37,611 DEBUG [main] wire:73 -  >> "Host: reqres.in[\r][\n]"
2023-02-25 19:10:37,611 DEBUG [main] wire:73 -  >> "Connection: Keep-Alive[\r][\n]"
2023-02-25 19:10:37,611 DEBUG [main] wire:73 -  >> "User-Agent: Apache-HttpClient/4.5.13 (Java/17.0.6)[\r][\n]"
2023-02-25 19:10:37,611 DEBUG [main] wire:73 -  >> "Accept-Encoding: gzip,deflate[\r][\n]"
2023-02-25 19:10:37,620 DEBUG [main] wire:73 -  >> "[\r][\n]"
2023-02-25 19:10:37,620 DEBUG [main] headers:278 - >> GET /api/users/7 HTTP/1.1
2023-02-25 19:10:37,620 DEBUG [main] headers:281 - >> Accept: */*
2023-02-25 19:10:37,620 DEBUG [main] headers:281 - >> Host: reqres.in
2023-02-25 19:10:37,620 DEBUG [main] headers:281 - >> Connection: Keep-Alive
2023-02-25 19:10:37,620 DEBUG [main] headers:281 - >> User-Agent: Apache-HttpClient/4.5.13 (Java/17.0.6)
2023-02-25 19:10:37,620 DEBUG [main] headers:281 - >> Accept-Encoding: gzip,deflate
2023-02-25 19:10:37,662 DEBUG [main] wire:73 -  << "HTTP/1.1 200 OK[\r][\n]"
2023-02-25 19:10:37,668 DEBUG [main] wire:73 -  << "Date: Sun, 26 Feb 2023 00:10:37 GMT[\r][\n]"
2023-02-25 19:10:37,668 DEBUG [main] wire:73 -  << "Content-Type: application/json; charset=utf-8[\r][\n]"
2023-02-25 19:10:37,668 DEBUG [main] wire:73 -  << "Transfer-Encoding: chunked[\r][\n]"
2023-02-25 19:10:37,668 DEBUG [main] wire:73 -  << "Connection: keep-alive[\r][\n]"
2023-02-25 19:10:37,672 DEBUG [main] wire:73 -  << "X-Powered-By: Express[\r][\n]"
2023-02-25 19:10:37,672 DEBUG [main] wire:73 -  << "Access-Control-Allow-Origin: *[\r][\n]"
2023-02-25 19:10:37,672 DEBUG [main] wire:73 -  << "Etag: W/"11c-Esb3aX7LcoAMUKcF3i6bvWwxqls"[\r][\n]"
2023-02-25 19:10:37,672 DEBUG [main] wire:73 -  << "Via: 1.1 vegur[\r][\n]"
2023-02-25 19:10:37,672 DEBUG [main] wire:73 -  << "Cache-Control: max-age=14400[\r][\n]"
2023-02-25 19:10:37,676 DEBUG [main] wire:73 -  << "CF-Cache-Status: HIT[\r][\n]"
2023-02-25 19:10:37,676 DEBUG [main] wire:73 -  << "Age: 4135[\r][\n]"
2023-02-25 19:10:37,676 DEBUG [main] wire:73 -  << "Report-To: {"endpoints":[{"url":"https:\/\/a.nel.cloudflare.com\/report\/v3?s=RxG8zaRR3cVdwMxGeee4dTCfiClEMV28RVvwjvPUcqa5z8jLgi3zgQistln1vxwET%2B1I6cTBrtCmnJKryzkUwMz6vwPVpFgYEopbfCe5AHuhNCWFipNXBwawAg%3D%3D"}],"group":"cf-nel","max_age":604800}[\r][\n]"
2023-02-25 19:10:37,676 DEBUG [main] wire:73 -  << "NEL: {"success_fraction":0,"report_to":"cf-nel","max_age":604800}[\r][\n]"
2023-02-25 19:10:37,676 DEBUG [main] wire:73 -  << "Vary: Accept-Encoding[\r][\n]"
2023-02-25 19:10:37,676 DEBUG [main] wire:73 -  << "Server: cloudflare[\r][\n]"
2023-02-25 19:10:37,676 DEBUG [main] wire:73 -  << "CF-RAY: 79f475726989a232-YYZ[\r][\n]"
2023-02-25 19:10:37,676 DEBUG [main] wire:73 -  << "Content-Encoding: gzip[\r][\n]"
2023-02-25 19:10:37,676 DEBUG [main] wire:73 -  << "[\r][\n]"
2023-02-25 19:10:37,676 DEBUG [main] DefaultClientConnection:259 - Receiving response: HTTP/1.1 200 OK
2023-02-25 19:10:37,683 DEBUG [main] headers:262 - << HTTP/1.1 200 OK
2023-02-25 19:10:37,683 DEBUG [main] headers:265 - << Date: Sun, 26 Feb 2023 00:10:37 GMT
2023-02-25 19:10:37,684 DEBUG [main] headers:265 - << Content-Type: application/json; charset=utf-8
2023-02-25 19:10:37,684 DEBUG [main] headers:265 - << Transfer-Encoding: chunked
2023-02-25 19:10:37,684 DEBUG [main] headers:265 - << Connection: keep-alive
2023-02-25 19:10:37,684 DEBUG [main] headers:265 - << X-Powered-By: Express
2023-02-25 19:10:37,684 DEBUG [main] headers:265 - << Access-Control-Allow-Origin: *
2023-02-25 19:10:37,684 DEBUG [main] headers:265 - << Etag: W/"11c-Esb3aX7LcoAMUKcF3i6bvWwxqls"
2023-02-25 19:10:37,684 DEBUG [main] headers:265 - << Via: 1.1 vegur
2023-02-25 19:10:37,684 DEBUG [main] headers:265 - << Cache-Control: max-age=14400
2023-02-25 19:10:37,684 DEBUG [main] headers:265 - << CF-Cache-Status: HIT
2023-02-25 19:10:37,684 DEBUG [main] headers:265 - << Age: 4135
2023-02-25 19:10:37,684 DEBUG [main] headers:265 - << Report-To: {"endpoints":[{"url":"https:\/\/a.nel.cloudflare.com\/report\/v3?s=RxG8zaRR3cVdwMxGeee4dTCfiClEMV28RVvwjvPUcqa5z8jLgi3zgQistln1vxwET%2B1I6cTBrtCmnJKryzkUwMz6vwPVpFgYEopbfCe5AHuhNCWFipNXBwawAg%3D%3D"}],"group":"cf-nel","max_age":604800}
2023-02-25 19:10:37,684 DEBUG [main] headers:265 - << NEL: {"success_fraction":0,"report_to":"cf-nel","max_age":604800}
2023-02-25 19:10:37,692 DEBUG [main] headers:265 - << Vary: Accept-Encoding
2023-02-25 19:10:37,692 DEBUG [main] headers:265 - << Server: cloudflare
2023-02-25 19:10:37,693 DEBUG [main] headers:265 - << CF-RAY: 79f475726989a232-YYZ
2023-02-25 19:10:37,693 DEBUG [main] headers:265 - << Content-Encoding: gzip
2023-02-25 19:10:37,693 DEBUG [main] DefaultHttpClient:504 - Connection can be kept alive indefinitely
2023-02-25 19:10:37,693 DEBUG [main] RestAssuredHttpBuilder:553 - Parsing response as: application/json; charset=utf-8
2023-02-25 19:10:37,693 DEBUG [main] wire:73 -  << "d3[\r][\n]"
2023-02-25 19:10:37,698 DEBUG [main] wire:87 -  << "[0x1f][0x8b][0x8][0x0][0x0][0x0][0x0][0x0][0x0][0x3]m[0x8e][0xbb]N[0xc3]@[0x10]Ee[0xb9][0xb4][0x1b][0xbb][0x8c][0xb4][0x15][0x1f][0x0]MD[0x1f][\r][0xf6][0xd8][0x1e][0xb0]w73[0xe3]$R[0xe4][0x8f]x[0x8][0x1a][0xda][0xab]s[0x8e][0xee][\r]=9![0xdd] =[0xd2]>[0x82][0x17][0x92][0x19][0x9][0x8b]t[0x13][0xf1][0xdc][0xcc]t[0xb1][0x92][0x9f][0x94]O[0xca][0xd6]HF[0xc4] j~[0xcc][0xb4]0[0x12]^[0xbe]9D[0xcc][0xf4][0xb7]>Y[0x88][0xa0]39)[0x12]&[0xf7]j[0xa9]mC[0xad],c;P[0xc7][0xd6][0xee]w[0xb2][0xd0][0xc8][0xcd]{[0x1d][0xb1]E[0xd8]ZkQ[0xff]<[0xb5][0xea][0xfc][0xaf][0xfb][0xf8][0xc3][0xec]&[0xa6]^[0xf2][0x88][0x8][0xe7][0xab]#[0xe1][0xb5][0x84][0xf][0xe6][0x1a][0xe]|:[0xb0][0x85]A[0x99]c[0xe8]Jv[0x95][0xb7][0xd5][0xa5]d[0xb]^.[0xa4][0xbd][0x5]c=[0xb3][0x86][0xae][0x98][ [0xe5]@[0xb5]*wB[0xce][0xfd][0x3][0xb6][0xed][0xe][0xcd]o|[0x9b][0x1c][0x1][0x0][0x0]"
2023-02-25 19:10:37,698 DEBUG [main] wire:73 -  << "[\r][\n]"
2023-02-25 19:10:37,698 DEBUG [main] wire:73 -  << "0[\r][\n]"
2023-02-25 19:10:37,698 DEBUG [main] wire:73 -  << "[\r][\n]"
2023-02-25 19:10:37,701 DEBUG [main] RestAssuredHttpBuilder:556 - Parsed data to instance of: class org.apache.http.conn.EofSensorInputStream
2023-02-25 19:10:38,717  INFO [main] Employeeapi:69 - ***********************checking Content Encoding***********************
2023-02-25 19:10:38,717  INFO [main] Employeeapi:71 - Content Encoding is ==>gzip
2023-02-25 19:10:38,731  INFO [main] Employeeapi:61 - ***********************checking Content Type***********************
2023-02-25 19:10:38,731  INFO [main] Employeeapi:63 - ContentType is ==>application/json; charset=utf-8
2023-02-25 19:10:38,731  INFO [main] Employeeapi:25 - ***********************checking response body***********************
2023-02-25 19:10:38,731 DEBUG [main] BasicClientConnectionManager:200 - Releasing connection org.apache.http.impl.conn.ManagedClientConnectionImpl@439b15f2
2023-02-25 19:10:38,739 DEBUG [main] BasicClientConnectionManager:225 - Connection can be kept alive indefinitely
2023-02-25 19:10:38,744  INFO [main] Employeeapi:27 - Response Body==>{"data":{"id":7,"email":"michael.lawson@reqres.in","first_name":"Michael","last_name":"Lawson","avatar":"https://reqres.in/img/faces/7-image.jpg"},"support":{"url":"https://reqres.in/#support-heading","text":"To keep ReqRes free, contributions towards server costs are appreciated!"}}
2023-02-25 19:10:38,747  INFO [main] Employeeapi:41 - ***********************checking Response Time***********************
2023-02-25 19:10:38,749  INFO [main] Employeeapi:43 - Response Time is==>189
2023-02-25 19:10:38,749  INFO [main] Employeeapi:33 - ***********************checking Status Code***********************
2023-02-25 19:10:38,749  INFO [main] Employeeapi:35 - StatusCode is ==>200
2023-02-25 19:10:38,754  INFO [main] Employeeapi:53 - ***********************checking Status Line***********************
2023-02-25 19:10:38,760  INFO [main] Employeeapi:55 - StatusLine is ==>HTTP/1.1 200 OK
2023-02-25 19:10:38,762  INFO [main] Employeeapi:85 - ***********************Finished TC002_Get_Single_Employee_Record***********************
2023-02-25 19:10:39,258 DEBUG [main] cache:45 - Couldn't find template in cache for "Extent.ftl"("en_US", UTF-8, parsed); will try to load it.
2023-02-25 19:10:39,261 DEBUG [main] cache:45 - TemplateLoader.findTemplateSource("Extent_en_US.ftl"): Not found
2023-02-25 19:10:39,266 DEBUG [main] cache:45 - TemplateLoader.findTemplateSource("Extent_en.ftl"): Not found
2023-02-25 19:10:39,272 DEBUG [main] cache:45 - TemplateLoader.findTemplateSource("Extent.ftl"): Found
2023-02-25 19:10:39,272 DEBUG [main] cache:45 - Loading template for "Extent.ftl"("en_US", UTF-8, parsed) from "jar:file:/C:/Users/HP/.m2/repository/com/relevantcodes/extentreports/2.41.2/extentreports-2.41.2.jar!/com/relevantcodes/extentreports/view/Extent.ftl"
2023-02-25 19:10:40,109 DEBUG [main] cache:45 - Couldn't find template in cache for "Extent.ftl"("en_US", UTF-8, parsed); will try to load it.
2023-02-25 19:10:40,115 DEBUG [main] cache:45 - TemplateLoader.findTemplateSource("Extent_en_US.ftl"): Not found
2023-02-25 19:10:40,115 DEBUG [main] cache:45 - TemplateLoader.findTemplateSource("Extent_en.ftl"): Not found
2023-02-25 19:10:40,115 DEBUG [main] cache:45 - TemplateLoader.findTemplateSource("Extent.ftl"): Found
2023-02-25 19:10:40,120 DEBUG [main] cache:45 - Loading template for "Extent.ftl"("en_US", UTF-8, parsed) from "jar:file:/C:/Users/HP/.m2/repository/com/relevantcodes/extentreports/2.41.2/extentreports-2.41.2.jar!/com/relevantcodes/extentreports/view/Extent.ftl"
